[INFO] Scanning for projects...
[INFO] 
[INFO] -----------------------< com.example:java-vault >-----------------------
[INFO] Building Java Vault 1.0.0
[INFO]   from pom.xml
[INFO] --------------------------------[ jar ]---------------------------------
[INFO] 
[INFO] >>> spring-boot:3.2.0:run (default-cli) > test-compile @ java-vault >>>
[INFO] 
[INFO] --- jacoco:0.8.11:prepare-agent (default) @ java-vault ---
[INFO] argLine set to -javaagent:/Users/chris/.m2/repository/org/jacoco/org.jacoco.agent/0.8.11/org.jacoco.agent-0.8.11-runtime.jar=destfile=/Users/chris/code/warp_experiments/javavault/target/jacoco.exec
[INFO] 
[INFO] --- resources:3.3.1:resources (default-resources) @ java-vault ---
[INFO] Copying 2 resources from src/main/resources to target/classes
[INFO] Copying 0 resource from src/main/resources to target/classes
[INFO] 
[INFO] --- vaadin:24.3.0:prepare-frontend (default) @ java-vault ---
[INFO] Reflections took 369 ms to scan 172 urls, producing 9818 keys and 50896 values
[INFO] Copying frontend resources from jar files ...
[INFO] Visited 171 resources. Took 70 ms.
[INFO] 
[INFO] --- compiler:3.11.0:compile (default-compile) @ java-vault ---
[INFO] Nothing to compile - all classes are up to date
[INFO] 
[INFO] --- resources:3.3.1:testResources (default-testResources) @ java-vault ---
[INFO] Copying 1 resource from src/test/resources to target/test-classes
[INFO] 
[INFO] --- compiler:3.11.0:testCompile (default-testCompile) @ java-vault ---
[INFO] Nothing to compile - all classes are up to date
[INFO] 
[INFO] <<< spring-boot:3.2.0:run (default-cli) < test-compile @ java-vault <<<
[INFO] 
[INFO] 
[INFO] --- spring-boot:3.2.0:run (default-cli) @ java-vault ---
[INFO] Attaching agents: []

  .   ____          _            __ _ _
 /\\ / ___'_ __ _ _(_)_ __  __ _ \ \ \ \
( ( )\___ | '_ | '_| | '_ \/ _` | \ \ \ \
 \\/  ___)| |_)| | | | | || (_| |  ) ) ) )
  '  |____| .__|_| |_|_| |_\__, | / / / /
 =========|_|==============|___/=/_/_/_/
[32m :: Spring Boot :: [39m              [2m (v3.2.0)[0;39m

2025-08-25 21:32:08 - Starting VaultApplication using Java 23.0.2 with PID 48429 (/Users/chris/code/warp_experiments/javavault/target/classes started by chris in /Users/chris/code/warp_experiments/javavault)
2025-08-25 21:32:08 - No active profile set, falling back to 1 default profile: "default"
2025-08-25 21:32:08 - Bootstrapping Spring Data JPA repositories in DEFAULT mode.
2025-08-25 21:32:08 - Finished Spring Data repository scanning in 18 ms. Found 4 JPA repository interfaces.
2025-08-25 21:32:08 - Tomcat initialized with port 8200 (http)
2025-08-25 21:32:08 - Starting service [Tomcat]
2025-08-25 21:32:08 - Starting Servlet engine: [Apache Tomcat/10.1.16]
2025-08-25 21:32:08 - Initializing Spring embedded WebApplicationContext
2025-08-25 21:32:08 - Root WebApplicationContext: initialization completed in 616 ms
2025-08-25 21:32:09 - HikariPool-1 - Starting...
2025-08-25 21:32:09 - HikariPool-1 - Added connection conn0: url=jdbc:h2:mem:vault user=SA
2025-08-25 21:32:09 - HikariPool-1 - Start completed.
2025-08-25 21:32:09 - H2 console available at '/h2-console'. Database available at 'jdbc:h2:mem:vault'
2025-08-25 21:32:09 - HHH000204: Processing PersistenceUnitInfo [name: default]
2025-08-25 21:32:09 - HHH000412: Hibernate ORM core version 6.3.1.Final
2025-08-25 21:32:09 - HHH000026: Second-level cache disabled
2025-08-25 21:32:09 - No LoadTimeWeaver setup: ignoring JPA class transformer
2025-08-25 21:32:09 - HHH90000025: H2Dialect does not need to be specified explicitly using 'hibernate.dialect' (remove the property setting and it will be selected by default)
2025-08-25 21:32:09 - HHH000489: No JTA platform available (set 'hibernate.transaction.jta.platform' to enable JTA platform integration)
2025-08-25 21:32:09 - Initialized JPA EntityManagerFactory for persistence unit 'default'
2025-08-25 21:32:09 - Hibernate is in classpath; If applicable, HQL parser will be used.
2025-08-25 21:32:09 - Search for subclasses and classes with annotations took 72 ms
2025-08-25 21:32:10 - Failed sysctl call: hw.cpufrequency, Error code: 2
2025-08-25 21:32:10 - Starting dev-mode updaters in /Users/chris/code/warp_experiments/javavault folder.
2025-08-25 21:32:10 - Visited 100 classes. Took 8 ms.
2025-08-25 21:32:10 - Checking if a development mode bundle build is needed
2025-08-25 21:32:10 - A development mode bundle build is not needed
2025-08-25 21:32:10 - Copying frontend resources from jar files ...
2025-08-25 21:32:10 - Visited 18 resources. Took 29 ms.
2025-08-25 21:32:10 - Replication service initialized with instance ID: Mac.attlocal.net-730350
2025-08-25 21:32:10 - spring.jpa.open-in-view is enabled by default. Therefore, database queries may be performed during view rendering. Explicitly configure spring.jpa.open-in-view to disable this warning
2025-08-25 21:32:10 - 

Using generated security password: bb7073eb-14a2-4b0a-910d-59e6bceaaa86

This generated password is for development use only. Your security configuration must be updated before running your application in production.

2025-08-25 21:32:10 - Exposing 3 endpoint(s) beneath base path '/actuator'
2025-08-25 21:32:10 - Installed AtmosphereHandler com.vaadin.flow.server.communication.PushAtmosphereHandler mapped to context-path: /*
2025-08-25 21:32:10 - Installed the following AtmosphereInterceptor mapped to AtmosphereHandler com.vaadin.flow.server.communication.PushAtmosphereHandler
2025-08-25 21:32:10 - Atmosphere is using org.atmosphere.util.VoidAnnotationProcessor for processing annotation
2025-08-25 21:32:10 - Using ForkJoinPool  java.util.concurrent.ForkJoinPool. Set the org.atmosphere.cpr.broadcaster.maxAsyncWriteThreads to -1 to fully use its power.
2025-08-25 21:32:10 - Installed WebSocketProtocol org.atmosphere.websocket.protocol.SimpleHttpProtocol 
2025-08-25 21:32:10 - JSR 356 Mapping path /VAADIN/push
2025-08-25 21:32:10 - Installing Default AtmosphereInterceptors
2025-08-25 21:32:10 - 	org.atmosphere.interceptor.CorsInterceptor : CORS Interceptor Support
2025-08-25 21:32:10 - 	org.atmosphere.interceptor.CacheHeadersInterceptor : Default Response's Headers Interceptor
2025-08-25 21:32:10 - 	org.atmosphere.interceptor.PaddingAtmosphereInterceptor : Browser Padding Interceptor Support
2025-08-25 21:32:10 - 	org.atmosphere.interceptor.AndroidAtmosphereInterceptor : Android Interceptor Support
2025-08-25 21:32:10 - 	org.atmosphere.interceptor.HeartbeatInterceptor : Heartbeat Interceptor Support
2025-08-25 21:32:10 - 	org.atmosphere.interceptor.SSEAtmosphereInterceptor : SSE Interceptor Support
2025-08-25 21:32:10 - 	org.atmosphere.interceptor.JSONPAtmosphereInterceptor : JSONP Interceptor Support
2025-08-25 21:32:10 - 	org.atmosphere.interceptor.JavaScriptProtocol : Atmosphere JavaScript Protocol
2025-08-25 21:32:10 - 	org.atmosphere.interceptor.WebSocketMessageSuspendInterceptor : org.atmosphere.interceptor.WebSocketMessageSuspendInterceptor
2025-08-25 21:32:10 - 	org.atmosphere.interceptor.OnDisconnectInterceptor : Browser disconnection detection
2025-08-25 21:32:10 - 	org.atmosphere.interceptor.IdleResourceInterceptor : org.atmosphere.interceptor.IdleResourceInterceptor
2025-08-25 21:32:10 - Set org.atmosphere.cpr.AtmosphereInterceptor.disableDefaults to disable them.
2025-08-25 21:32:10 - Installed AtmosphereInterceptor CORS Interceptor Support with priority FIRST_BEFORE_DEFAULT 
2025-08-25 21:32:10 - Installed AtmosphereInterceptor Default Response's Headers Interceptor with priority AFTER_DEFAULT 
2025-08-25 21:32:10 - Installed AtmosphereInterceptor Browser Padding Interceptor Support with priority AFTER_DEFAULT 
2025-08-25 21:32:10 - Installed AtmosphereInterceptor Android Interceptor Support with priority AFTER_DEFAULT 
2025-08-25 21:32:10 - HeartbeatInterceptor configured with padding value 'X', client frequency 0 seconds and server frequency 60 seconds
2025-08-25 21:32:10 - Installed AtmosphereInterceptor Heartbeat Interceptor Support with priority AFTER_DEFAULT 
2025-08-25 21:32:10 - Installed AtmosphereInterceptor SSE Interceptor Support with priority AFTER_DEFAULT 
2025-08-25 21:32:10 - Installed AtmosphereInterceptor JSONP Interceptor Support with priority AFTER_DEFAULT 
2025-08-25 21:32:10 - Installed AtmosphereInterceptor Atmosphere JavaScript Protocol with priority AFTER_DEFAULT 
2025-08-25 21:32:10 - Installed AtmosphereInterceptor org.atmosphere.interceptor.WebSocketMessageSuspendInterceptor with priority AFTER_DEFAULT 
2025-08-25 21:32:10 - Installed AtmosphereInterceptor Browser disconnection detection with priority AFTER_DEFAULT 
2025-08-25 21:32:10 - Installed AtmosphereInterceptor org.atmosphere.interceptor.IdleResourceInterceptor with priority BEFORE_DEFAULT 
2025-08-25 21:32:10 - Using EndpointMapper class org.atmosphere.util.DefaultEndpointMapper
2025-08-25 21:32:10 - Using BroadcasterCache: org.atmosphere.cache.UUIDBroadcasterCache
2025-08-25 21:32:10 - Default Broadcaster Class: org.atmosphere.cpr.DefaultBroadcaster
2025-08-25 21:32:10 - Broadcaster Shared List Resources: false
2025-08-25 21:32:10 - Broadcaster Polling Wait Time 100
2025-08-25 21:32:10 - Shared ExecutorService supported: true
2025-08-25 21:32:10 - Messaging ExecutorService Pool Size unavailable - Not instance of ThreadPoolExecutor
2025-08-25 21:32:10 - Async I/O Thread Pool Size: 200
2025-08-25 21:32:10 - Using BroadcasterFactory: org.atmosphere.cpr.DefaultBroadcasterFactory
2025-08-25 21:32:10 - Using AtmosphereResurceFactory: org.atmosphere.cpr.DefaultAtmosphereResourceFactory
2025-08-25 21:32:10 - Using WebSocketProcessor: org.atmosphere.websocket.DefaultWebSocketProcessor
2025-08-25 21:32:10 - Invoke AtmosphereInterceptor on WebSocket message true
2025-08-25 21:32:10 - HttpSession supported: true
2025-08-25 21:32:10 - Atmosphere is using org.atmosphere.inject.InjectableObjectFactory for dependency injection and object creation
2025-08-25 21:32:10 - Atmosphere is using async support: org.atmosphere.container.JSR356AsyncSupport running under container: Apache Tomcat/10.1.16 using jakarta.servlet/3.0 and jsr356/WebSocket API
2025-08-25 21:32:10 - Atmosphere Framework 3.0.3.slf4jvaadin2 started.
2025-08-25 21:32:10 - Installed AtmosphereInterceptor  Track Message Size Interceptor using | with priority BEFORE_DEFAULT 
2025-08-25 21:32:11 - 
Vaadin is running in DEVELOPMENT mode - do not use for production deployments.
2025-08-25 21:32:11 - Tomcat started on port 8200 (http) with context path ''
2025-08-25 21:32:11 - Started VaultApplication in 2.832 seconds (process running for 2.951)
2025-08-25 21:32:11 - Created default policies: admin, readonly, developer
2025-08-25 21:32:11 - Created default users: admin (admin123), demo (demo123)
2025-08-25 21:32:11 - WARNING: Change default passwords in production!
2025-08-25 21:32:11 - Created secret at path: app/config/database/host by user: admin
2025-08-25 21:32:11 - Created secret at path: app/config/database/username by user: admin
2025-08-25 21:32:11 - Created secret at path: app/config/database/password by user: admin
2025-08-25 21:32:11 - Created secret at path: app/api-keys/stripe by user: admin
2025-08-25 21:32:11 - Created secret at path: app/api-keys/sendgrid by user: admin
2025-08-25 21:32:11 - Created secret at path: dev/config/debug_token by user: admin
2025-08-25 21:32:11 - Created secret at path: dev/config/test_api_key by user: admin
2025-08-25 21:32:11 - Created secret at path: shared/config/app_secret by user: admin
2025-08-25 21:32:11 - Created secret at path: shared/certificates/ca_cert by user: admin
2025-08-25 21:32:11 - Created sample secrets for demonstration
2025-08-25 21:32:11 - Data initialization completed
2025-08-25 21:32:27 - Initializing Spring DispatcherServlet 'dispatcherServlet'
2025-08-25 21:32:27 - Initializing Servlet 'dispatcherServlet'
2025-08-25 21:32:27 - Completed initialization in 2 ms
2025-08-25 21:32:27 - Cache miss for REQUEST dispatch to '/' (previous null). Performing CorsConfiguration lookup. This is logged once only at WARN level, and every time at TRACE.
2025-08-25 21:32:27 - Cache miss for REQUEST dispatch to '/' (previous null). Performing MatchableHandlerMapping lookup. This is logged once only at WARN level, and every time at TRACE.
2025-08-25 21:32:27 - The number of beans implementing 'I18NProvider' is 0. Cannot use Spring beans for I18N, falling back to the default behavior
2025-08-25 21:32:46 - Updated secret at path: shared/certificates/ca_cert to version 2 by user: admin
2025-08-25 21:32:55 - Updated secret at path: shared/config/app_secret to version 2 by user: admin
